<?xml version="1.0" encoding="UTF-8"?>
<!-- Generated by org.testng.reporters.JUnitReportReporter -->
<testsuite name="least.expensive.hotel.SearchLeastExpensivePropertyTest" tests="1" time="11.516" ignored="0" failures="0" timestamp="28 Jan 2020 12:23:10 GMT" skipped="0" hostname="197NODMB5001221.local" errors="0">
  <testcase name="PropertyFinderTest" time="11.516" classname="least.expensive.hotel.SearchLeastExpensivePropertyTest"/>
</testsuite> <!-- least.expensive.hotel.SearchLeastExpensivePropertyTest -->
