<?xml version="1.0" encoding="UTF-8"?>
<!-- Generated by org.testng.reporters.JUnitReportReporter -->
<testsuite name="api.test.LocationVerificationTest" tests="1" time="1.482" ignored="0" failures="0" timestamp="28 Jan 2020 12:23:10 GMT" skipped="0" hostname="197NODMB5001221.local" errors="0">
  <testcase name="apiTest" time="1.482" classname="api.test.LocationVerificationTest"/>
</testsuite> <!-- api.test.LocationVerificationTest -->
