<?xml version="1.0" encoding="UTF-8"?>
<!-- Generated by org.testng.reporters.JUnitReportReporter -->
<testsuite name="unit.arithmetic.test.ArithmeticCalculationTest" tests="8" time="0.008" ignored="0" failures="0" timestamp="28 Jan 2020 12:23:10 GMT" skipped="0" hostname="197NODMB5001221.local" errors="0">
  <testcase name="addNegativeNumbers" time="0.001" classname="unit.arithmetic.test.ArithmeticCalculationTest"/>
  <testcase name="testMultiply" time="0.001" classname="unit.arithmetic.test.ArithmeticCalculationTest"/>
  <testcase name="testAdd" time="0.000" classname="unit.arithmetic.test.ArithmeticCalculationTest"/>
  <testcase name="subtractFunNegativeTest" time="0.002" classname="unit.arithmetic.test.ArithmeticCalculationTest"/>
  <testcase name="testSubtract" time="0.001" classname="unit.arithmetic.test.ArithmeticCalculationTest"/>
  <testcase name="testDivide" time="0.001" classname="unit.arithmetic.test.ArithmeticCalculationTest"/>
  <testcase name="addAsciiChar" time="0.001" classname="unit.arithmetic.test.ArithmeticCalculationTest"/>
  <testcase name="testDivideByZero" time="0.001" classname="unit.arithmetic.test.ArithmeticCalculationTest"/>
</testsuite> <!-- unit.arithmetic.test.ArithmeticCalculationTest -->
