<?xml version="1.0" encoding="UTF-8"?>
<!-- Generated by org.testng.reporters.JUnitReportReporter -->
<testsuite name="unitfunctions.ArithmeticCalculationTest" tests="5" time="0.017" ignored="0" failures="0" timestamp="27 Jan 2020 19:46:41 GMT" skipped="0" hostname="197NODMB5001221.local" errors="0">
  <testcase name="testDivide" time="0.006" classname="unitfunctions.ArithmeticCalculationTest"/>
  <testcase name="testAdd" time="0.006" classname="unitfunctions.ArithmeticCalculationTest"/>
  <testcase name="testDivideByZero" time="0.002" classname="unitfunctions.ArithmeticCalculationTest"/>
  <testcase name="testMultiply" time="0.001" classname="unitfunctions.ArithmeticCalculationTest"/>
  <testcase name="testSubtract" time="0.002" classname="unitfunctions.ArithmeticCalculationTest"/>
</testsuite> <!-- unitfunctions.ArithmeticCalculationTest -->
