<?xml version="1.0" encoding="UTF-8"?>
<!-- Generated by org.testng.reporters.JUnitReportReporter -->
<testsuite name="least.expensive.hotel.SearchLeastExpensiveHotelTest" tests="1" time="9.761" ignored="0" failures="0" timestamp="28 Jan 2020 06:12:45 GMT" skipped="0" hostname="197NODMB5001221.local" errors="0">
  <testcase name="jskke" time="9.761" classname="least.expensive.hotel.SearchLeastExpensiveHotelTest"/>
</testsuite> <!-- least.expensive.hotel.SearchLeastExpensiveHotelTest -->
